[0m14:43:42.592996 [debug] [MainThread]: Sending event: {'category': 'dbt', 'action': 'invocation', 'label': 'start', 'context': [<snowplow_tracker.self_describing_json.SelfDescribingJson object at 0x10b174e60>, <snowplow_tracker.self_describing_json.SelfDescribingJson object at 0x10b44aa50>, <snowplow_tracker.self_describing_json.SelfDescribingJson object at 0x10b44a660>]}


============================== 14:43:42.610146 | cbe6405e-1187-4f2b-9a13-fd50027ca3f8 ==============================
[0m14:43:42.610146 [info ] [MainThread]: Running with dbt=1.7.10
[0m14:43:42.611174 [debug] [MainThread]: running dbt with arguments {'printer_width': '80', 'indirect_selection': 'eager', 'log_cache_events': 'False', 'write_json': 'True', 'partial_parse': 'True', 'cache_selected_only': 'False', 'warn_error': 'None', 'version_check': 'True', 'profiles_dir': '/Users/estelleclement/.dbt', 'log_path': 'logs', 'debug': 'False', 'fail_fast': 'False', 'use_colors': 'True', 'use_experimental_parser': 'False', 'no_print': 'None', 'quiet': 'False', 'warn_error_options': 'WarnErrorOptions(include=[], exclude=[])', 'invocation_command': 'dbt init', 'log_format': 'default', 'introspect': 'True', 'target_path': 'None', 'static_parser': 'True', 'send_anonymous_usage_stats': 'True'}
[0m14:43:42.612091 [warn ] [MainThread]: [ConfigFolderDirectory]: Unable to parse dict {'dir': PosixPath('/Users/estelleclement/.dbt')}
[0m14:43:42.612609 [info ] [MainThread]: Creating dbt configuration folder at 
[0m14:44:25.065269 [debug] [MainThread]: Starter project path: /Users/estelleclement/Desktop/ESME/Ingé 2/On Data science tools/dbt-env/lib/python3.12/site-packages/dbt/include/starter_project
[0m14:44:25.085977 [info ] [MainThread]: 
Your new dbt project "tp_dbt" was created!

For more information on how to configure the profiles.yml file,
please consult the dbt documentation here:

  https://docs.getdbt.com/docs/configure-your-profile

One more thing:

Need help? Don't hesitate to reach out to us via GitHub issues or on Slack:

  https://community.getdbt.com/

Happy modeling!

[0m14:44:25.087160 [info ] [MainThread]: Setting up your profile.
[0m15:03:24.137669 [info ] [MainThread]: Profile tp_dbt written to /Users/estelleclement/.dbt/profiles.yml using target's profile_template.yml and your supplied values. Run 'dbt debug' to validate the connection.
[0m15:03:24.191895 [debug] [MainThread]: Resource report: {"command_name": "init", "command_success": true, "command_wall_clock_time": 1181.5808, "process_user_time": 3.113184, "process_kernel_time": 0.62556, "process_mem_max_rss": "90570752", "process_in_blocks": "0", "process_out_blocks": "0"}
[0m15:03:24.194803 [debug] [MainThread]: Command `dbt init` succeeded at 15:03:24.194255 after 1181.59 seconds
[0m15:03:24.197609 [debug] [MainThread]: Sending event: {'category': 'dbt', 'action': 'invocation', 'label': 'end', 'context': [<snowplow_tracker.self_describing_json.SelfDescribingJson object at 0x10b44a660>, <snowplow_tracker.self_describing_json.SelfDescribingJson object at 0x10a436480>, <snowplow_tracker.self_describing_json.SelfDescribingJson object at 0x10ad60740>]}
[0m15:03:24.199135 [debug] [MainThread]: Flushing usage events
[0m15:03:35.656076 [debug] [MainThread]: Sending event: {'category': 'dbt', 'action': 'invocation', 'label': 'start', 'context': [<snowplow_tracker.self_describing_json.SelfDescribingJson object at 0x10d05a2d0>, <snowplow_tracker.self_describing_json.SelfDescribingJson object at 0x10d2ed940>, <snowplow_tracker.self_describing_json.SelfDescribingJson object at 0x10d2ed670>]}


============================== 15:03:35.664919 | 06591578-b7b2-4857-be6b-ec15f94c88a4 ==============================
[0m15:03:35.664919 [info ] [MainThread]: Running with dbt=1.7.10
[0m15:03:35.665787 [debug] [MainThread]: running dbt with arguments {'printer_width': '80', 'indirect_selection': 'eager', 'log_cache_events': 'False', 'write_json': 'True', 'partial_parse': 'True', 'cache_selected_only': 'False', 'profiles_dir': '/Users/estelleclement/.dbt', 'debug': 'False', 'version_check': 'True', 'log_path': 'logs', 'fail_fast': 'False', 'warn_error': 'None', 'use_colors': 'True', 'use_experimental_parser': 'False', 'no_print': 'None', 'quiet': 'False', 'warn_error_options': 'WarnErrorOptions(include=[], exclude=[])', 'static_parser': 'True', 'invocation_command': 'dbt debug', 'introspect': 'True', 'target_path': 'None', 'log_format': 'default', 'send_anonymous_usage_stats': 'True'}
[0m15:03:35.666674 [info ] [MainThread]: dbt version: 1.7.10
[0m15:03:35.667213 [info ] [MainThread]: python version: 3.12.2
[0m15:03:35.667709 [info ] [MainThread]: python path: /Users/estelleclement/Desktop/ESME/Ingé 2/On Data science tools/dbt-env/bin/python3.12
[0m15:03:35.668299 [info ] [MainThread]: os info: macOS-12.7.3-x86_64-i386-64bit
[0m15:03:35.850633 [info ] [MainThread]: Using profiles dir at /Users/estelleclement/.dbt
[0m15:03:35.851484 [info ] [MainThread]: Using profiles.yml file at /Users/estelleclement/.dbt/profiles.yml
[0m15:03:35.852114 [info ] [MainThread]: Using dbt_project.yml file at /Users/estelleclement/Desktop/ESME/Ingé 2/On Data science tools/dbt_project.yml
[0m15:03:35.853289 [info ] [MainThread]: adapter type: postgres
[0m15:03:35.853893 [info ] [MainThread]: adapter version: 1.7.10
[0m15:03:35.854525 [info ] [MainThread]: Configuration:
[0m15:03:35.855175 [info ] [MainThread]:   profiles.yml file [[32mOK found and valid[0m]
[0m15:03:35.855826 [info ] [MainThread]:   dbt_project.yml file [[31mERROR not found[0m]
[0m15:03:35.856452 [info ] [MainThread]: Required dependencies:
[0m15:03:35.857332 [debug] [MainThread]: Executing "git --help"
[0m15:03:36.034219 [debug] [MainThread]: STDOUT: "b"usage: git [-v | --version] [-h | --help] [-C <path>] [-c <name>=<value>]\n           [--exec-path[=<path>]] [--html-path] [--man-path] [--info-path]\n           [-p | --paginate | -P | --no-pager] [--no-replace-objects] [--bare]\n           [--git-dir=<path>] [--work-tree=<path>] [--namespace=<name>]\n           [--super-prefix=<path>] [--config-env=<name>=<envvar>]\n           <command> [<args>]\n\nThese are common Git commands used in various situations:\n\nstart a working area (see also: git help tutorial)\n   clone     Clone a repository into a new directory\n   init      Create an empty Git repository or reinitialize an existing one\n\nwork on the current change (see also: git help everyday)\n   add       Add file contents to the index\n   mv        Move or rename a file, a directory, or a symlink\n   restore   Restore working tree files\n   rm        Remove files from the working tree and from the index\n\nexamine the history and state (see also: git help revisions)\n   bisect    Use binary search to find the commit that introduced a bug\n   diff      Show changes between commits, commit and working tree, etc\n   grep      Print lines matching a pattern\n   log       Show commit logs\n   show      Show various types of objects\n   status    Show the working tree status\n\ngrow, mark and tweak your common history\n   branch    List, create, or delete branches\n   commit    Record changes to the repository\n   merge     Join two or more development histories together\n   rebase    Reapply commits on top of another base tip\n   reset     Reset current HEAD to the specified state\n   switch    Switch branches\n   tag       Create, list, delete or verify a tag object signed with GPG\n\ncollaborate (see also: git help workflows)\n   fetch     Download objects and refs from another repository\n   pull      Fetch from and integrate with another repository or a local branch\n   push      Update remote refs along with associated objects\n\n'git help -a' and 'git help -g' list available subcommands and some\nconcept guides. See 'git help <command>' or 'git help <concept>'\nto read about a specific subcommand or concept.\nSee 'git help git' for an overview of the system.\n""
[0m15:03:36.038796 [debug] [MainThread]: STDERR: "b''"
[0m15:03:36.067404 [info ] [MainThread]:  - git [[32mOK found[0m]

[0m15:03:36.069271 [info ] [MainThread]: Connection:
[0m15:03:36.071770 [info ] [MainThread]:   host: 10.4.251.244
[0m15:03:36.077961 [info ] [MainThread]:   port: 5432
[0m15:03:36.083765 [info ] [MainThread]:   user: postgres
[0m15:03:36.084919 [info ] [MainThread]:   database: postgres
[0m15:03:36.087798 [info ] [MainThread]:   schema: public
[0m15:03:36.089107 [info ] [MainThread]:   connect_timeout: 10
[0m15:03:36.090069 [info ] [MainThread]:   role: None
[0m15:03:36.090805 [info ] [MainThread]:   search_path: None
[0m15:03:36.091428 [info ] [MainThread]:   keepalives_idle: 0
[0m15:03:36.092058 [info ] [MainThread]:   sslmode: None
[0m15:03:36.093950 [info ] [MainThread]:   sslcert: None
[0m15:03:36.097947 [info ] [MainThread]:   sslkey: None
[0m15:03:36.100177 [info ] [MainThread]:   sslrootcert: None
[0m15:03:36.101464 [info ] [MainThread]:   application_name: dbt
[0m15:03:36.102666 [info ] [MainThread]:   retries: 1
[0m15:03:36.108095 [info ] [MainThread]: Registered adapter: postgres=1.7.10
[0m15:03:36.155193 [debug] [MainThread]: Acquiring new postgres connection 'debug'
[0m15:03:36.160970 [debug] [MainThread]: Using postgres connection "debug"
[0m15:03:36.162635 [debug] [MainThread]: On debug: select 1 as id
[0m15:03:36.164598 [debug] [MainThread]: Opening a new connection, currently in state init
[0m15:03:36.484303 [debug] [MainThread]: SQL status: SELECT 1 in 0.0 seconds
[0m15:03:36.486971 [debug] [MainThread]: On debug: Close
[0m15:03:36.487849 [info ] [MainThread]:   Connection test: [[32mOK connection ok[0m]

[0m15:03:36.488640 [info ] [MainThread]: [31m1 check failed:[0m
[0m15:03:36.489207 [info ] [MainThread]: Project loading failed for the following reason:
 project path </Users/estelleclement/Desktop/ESME/Ingé 2/On Data science tools/dbt_project.yml> not found

[0m15:03:36.495366 [debug] [MainThread]: Resource report: {"command_name": "debug", "command_wall_clock_time": 0.92580503, "process_user_time": 3.148371, "process_kernel_time": 0.549369, "process_mem_max_rss": "94896128", "command_success": false, "process_in_blocks": "0", "process_out_blocks": "0"}
[0m15:03:36.496958 [debug] [MainThread]: Command `dbt debug` failed at 15:03:36.496437 after 0.93 seconds
[0m15:03:36.498885 [debug] [MainThread]: Connection 'debug' was properly closed.
[0m15:03:36.499586 [debug] [MainThread]: Sending event: {'category': 'dbt', 'action': 'invocation', 'label': 'end', 'context': [<snowplow_tracker.self_describing_json.SelfDescribingJson object at 0x10d1b4740>, <snowplow_tracker.self_describing_json.SelfDescribingJson object at 0x10cde5d00>, <snowplow_tracker.self_describing_json.SelfDescribingJson object at 0x10d38d910>]}
[0m15:03:36.500275 [debug] [MainThread]: Flushing usage events
